<?xml version="1.0" encoding="UTF-8"?>
<testsuite name="Scenario: Verify Making Calls Default Settings" tests="14" skipped="0" failures="0" errors="0" timestamp="2018-01-03T15:19:27" hostname="HRK1-LHP-F49989" time="260.888">
  <properties/>
  <testcase name="Given Grasshopper is installed on a clean device" classname="Scenario: Verify Making Calls Default Settings" time="0.0"/>
  <testcase name="And user logs in with default credentials" classname="Scenario: Verify Making Calls Default Settings" time="0.0"/>
  <testcase name="When user navigates to Settings screen" classname="Scenario: Verify Making Calls Default Settings" time="0.0"/>
  <testcase name="And user clicks Making Calls settings item" classname="Scenario: Verify Making Calls Default Settings" time="0.0"/>
  <testcase name="Then Making Calls page is displayed" classname="Scenario: Verify Making Calls Default Settings" time="0.0"/>
  <testcase name="And each making calls option can be selected" classname="Scenario: Verify Making Calls Default Settings" time="0.001"/>
  <testcase name="classMethod" classname="Scenario: Verify Making Calls Default Settings" time="106.039"/>
  <testcase name="Given Grasshopper is installed on a clean device" classname="Scenario: Verify Making Calls Default Settings" time="0.0"/>
  <testcase name="And user logs in with default credentials" classname="Scenario: Verify Making Calls Default Settings" time="0.001"/>
  <testcase name="When user navigates to Settings screen" classname="Scenario: Verify Making Calls Default Settings" time="0.0"/>
  <testcase name="And user clicks My Extension settings item" classname="Scenario: Verify Making Calls Default Settings" time="0.0"/>
  <testcase name="Then My Extension page is displayed" classname="Scenario: Verify Making Calls Default Settings" time="0.0"/>
  <testcase name="And each Extension can be selected" classname="Scenario: Verify Making Calls Default Settings" time="0.0"/>
  <testcase name="classMethod" classname="Scenario: Verify Making Calls Default Settings" time="169.055"/>
  <system-out><![CDATA[[INFO ] 2018-01-03 17:19:13  AppiumFactory - -----------------START APPIUM-----------------------------
[INFO ] 2018-01-03 17:19:14  AppiumFactory - -----------------APPIUM STARTED---------------------------
[HTTP] Could not start REST http interface listener. The requested port may already be in use. Please make sure there is no other instance of this server running already.
[INFO ] 2018-01-03 17:20:59  AppiumFactory - -----------------START APPIUM-----------------------------
[INFO ] 2018-01-03 17:21:00  AppiumFactory - -----------------APPIUM STARTED---------------------------
[HTTP] Could not start REST http interface listener. The requested port may already be in use. Please make sure there is no other instance of this server running already.
]]></system-out>
  <system-err><![CDATA[]]></system-err>
</testsuite>
