<?xml version="1.0" encoding="UTF-8"?>
<testsuite name="runner.RunCucumberTest" tests="0" skipped="0" failures="0" errors="0" timestamp="1970-01-01T00:00:00" hostname="HRK1-LHP-F49989" time="0.0">
  <properties/>
  <system-out><![CDATA[@settings @accessNumber
Feature: Settings screen - Access Number
[INFO ] 2018-01-03 17:17:34  GrasshopperApp - Login user name -Oleksii.Naumenko@logmein.com , password -abc123
[INFO ] 2018-01-03 17:18:55  PageLogger - Click "-Local" Access Number option
[INFO ] 2018-01-03 17:19:03  PageLogger - Click "-Toll free" Access Number option
[INFO ] 2018-01-03 17:19:13  AppiumFactory - ----------------- APPIUM STOPPED -----------------------------

  Scenario: Verify Access Number Default Settings         ?[90m# Settings2_AccessNumber.feature:4?[0m
    ?[32mGiven ?[0m?[32mGrasshopper is installed on a clean device?[0m      ?[90m# LoginSteps.grasshopperIsInstalledOnACleanDevice()?[0m
    ?[32mAnd ?[0m?[32muser logs in with default credentials?[0m             ?[90m# LoginSteps.userLogsInWithDefaultCredentials()?[0m
    ?[32mWhen ?[0m?[32muser navigates to ?[0m?[32m?[1mSettings?[0m?[32m screen?[0m                ?[90m# CommonSteps.navigateToTab(String)?[0m
    ?[32mAnd ?[0m?[32muser clicks ?[0m?[32m?[1mAccess Number?[0m?[32m settings item?[0m           ?[90m# SettingsSteps.selectSettingsItem(String)?[0m
    ?[32mThen ?[0m?[32mAccess Number page is displayed?[0m                  ?[90m# SettingsSteps.accessNumberPageIsDisplayed()?[0m
    ?[32mAnd ?[0m?[32mUse plus one while dialing option can be switched?[0m ?[90m# SettingsSteps.usePlusOneWhileDialingOptionCanBeSwitched()?[0m
    ?[32mAnd ?[0m?[32meach access number option can be selected?[0m         ?[90m# SettingsSteps.eachAccessNumberOptionCanBeSelected()?[0m
@settings @makingCalls
Feature: Settings screen - Making Calls item
[INFO ] 2018-01-03 17:19:27  GrasshopperApp - Login user name -Oleksii.Naumenko@logmein.com , password -abc123
[INFO ] 2018-01-03 17:20:42  PageLogger - Click "-Always Make Calls via Grasshopper" Making Calls option
[INFO ] 2018-01-03 17:20:50  PageLogger - Click "-Ask to Use Grasshopper for Each Call" Making Calls option
[INFO ] 2018-01-03 17:20:59  AppiumFactory - ----------------- APPIUM STOPPED -----------------------------

  Scenario: Verify Making Calls Default Settings     ?[90m# Settings3_MakingCalls.feature:4?[0m
    ?[32mGiven ?[0m?[32mGrasshopper is installed on a clean device?[0m ?[90m# LoginSteps.grasshopperIsInstalledOnACleanDevice()?[0m
    ?[32mAnd ?[0m?[32muser logs in with default credentials?[0m        ?[90m# LoginSteps.userLogsInWithDefaultCredentials()?[0m
    ?[32mWhen ?[0m?[32muser navigates to ?[0m?[32m?[1mSettings?[0m?[32m screen?[0m           ?[90m# CommonSteps.navigateToTab(String)?[0m
    ?[32mAnd ?[0m?[32muser clicks ?[0m?[32m?[1mMaking Calls?[0m?[32m settings item?[0m       ?[90m# SettingsSteps.selectSettingsItem(String)?[0m
    ?[32mThen ?[0m?[32mMaking Calls page is displayed?[0m              ?[90m# SettingsSteps.makingCallsPageIsDisplayed()?[0m
    ?[32mAnd ?[0m?[32meach making calls option can be selected?[0m     ?[90m# SettingsSteps.eachMakingCallsOptionCanBeSelected()?[0m
@settings @myExtension
Feature: Settings screen - My Extension item
[INFO ] 2018-01-03 17:21:18  GrasshopperApp - Login user name -Oleksii.Naumenko@logmein.com , password -abc123
[INFO ] 2018-01-03 17:22:40  PageLogger - Click "-Ext 0" Extension 
[INFO ] 2018-01-03 17:22:49  PageLogger - Click "-Ext 1" Extension 
[INFO ] 2018-01-03 17:22:59  PageLogger - Click "-Ext 2" Extension 
[INFO ] 2018-01-03 17:23:08  PageLogger - Click "-Ext 700" Extension 
[INFO ] 2018-01-03 17:23:18  PageLogger - Click "-Ext 701" Extension 
[INFO ] 2018-01-03 17:23:28  PageLogger - Click "-Ext 702" Extension 
[INFO ] 2018-01-03 17:23:38  PageLogger - Click "-Ext 703" Extension 
[INFO ] 2018-01-03 17:23:48  AppiumFactory - ----------------- APPIUM STOPPED -----------------------------

  Scenario: Verify Making Calls Default Settings     ?[90m# Settings4_MyExtension.feature:4?[0m
    ?[32mGiven ?[0m?[32mGrasshopper is installed on a clean device?[0m ?[90m# LoginSteps.grasshopperIsInstalledOnACleanDevice()?[0m
    ?[32mAnd ?[0m?[32muser logs in with default credentials?[0m        ?[90m# LoginSteps.userLogsInWithDefaultCredentials()?[0m
    ?[32mWhen ?[0m?[32muser navigates to ?[0m?[32m?[1mSettings?[0m?[32m screen?[0m           ?[90m# CommonSteps.navigateToTab(String)?[0m
    ?[32mAnd ?[0m?[32muser clicks ?[0m?[32m?[1mMy Extension?[0m?[32m settings item?[0m       ?[90m# SettingsSteps.selectSettingsItem(String)?[0m
    ?[32mThen ?[0m?[32mMy Extension page is displayed?[0m              ?[90m# SettingsSteps.myExtensionPageIsDisplayed()?[0m
    ?[32mAnd ?[0m?[32meach Extension can be selected?[0m               ?[90m# SettingsSteps.eachExtensionCanBeSelected()?[0m
@settings @callerInfo
Feature: Settings screen - Caller Info switch
[INFO ] 2018-01-03 17:24:02  GrasshopperApp - Login user name -Oleksii.Naumenko@logmein.com , password -abc123
[INFO ] 2018-01-03 17:25:20  PageLogger - Switch Caller Info toggle
[INFO ] 2018-01-03 17:25:21  PageLogger - Switch Caller Info toggle
[INFO ] 2018-01-03 17:25:25  AppiumFactory - ----------------- APPIUM STOPPED -----------------------------

  Scenario: Verify Caller Info is turned off by default ?[90m# Settings5-CallerInfo.feature:4?[0m
    ?[32mGiven ?[0m?[32mGrasshopper is installed on a clean device?[0m    ?[90m# LoginSteps.grasshopperIsInstalledOnACleanDevice()?[0m
    ?[32mAnd ?[0m?[32muser logs in with default credentials?[0m           ?[90m# LoginSteps.userLogsInWithDefaultCredentials()?[0m
    ?[32mWhen ?[0m?[32muser navigates to ?[0m?[32m?[1mSettings?[0m?[32m screen?[0m              ?[90m# CommonSteps.navigateToTab(String)?[0m
    ?[32mAnd ?[0m?[32mCaller Info switch can be turned ON/OFF?[0m         ?[90m# SettingsSteps.callerInfoSwitchCanBeTurnedONOFF()?[0m

4 Scenarios (?[32m4 passed?[0m)
23 Steps (?[32m23 passed?[0m)
8m15.896s

]]></system-out>
  <system-err><![CDATA[]]></system-err>
</testsuite>
