<?xml version="1.0" encoding="UTF-8"?>
<testsuite name="Scenario: Verify Caller Info is turned off by default" tests="5" skipped="0" failures="0" errors="0" timestamp="2018-01-03T15:24:02" hostname="HRK1-LHP-F49989" time="82.426">
  <properties/>
  <testcase name="Given Grasshopper is installed on a clean device" classname="Scenario: Verify Caller Info is turned off by default" time="0.0"/>
  <testcase name="And user logs in with default credentials" classname="Scenario: Verify Caller Info is turned off by default" time="0.0"/>
  <testcase name="When user navigates to Settings screen" classname="Scenario: Verify Caller Info is turned off by default" time="0.0"/>
  <testcase name="And Caller Info switch can be turned ON/OFF" classname="Scenario: Verify Caller Info is turned off by default" time="0.0"/>
  <testcase name="classMethod" classname="Scenario: Verify Caller Info is turned off by default" time="96.391"/>
  <system-out><![CDATA[[INFO ] 2018-01-03 17:23:48  AppiumFactory - -----------------START APPIUM-----------------------------
[INFO ] 2018-01-03 17:23:49  AppiumFactory - -----------------APPIUM STARTED---------------------------
[HTTP] Could not start REST http interface listener. The requested port may already be in use. Please make sure there is no other instance of this server running already.
]]></system-out>
  <system-err><![CDATA[]]></system-err>
</testsuite>
